<?xml version="1.0" encoding="UTF-8"?>
<testng-results ignored="0" total="1" passed="1" failed="0" skipped="0">
  <reporter-output>
  </reporter-output>
  <suite started-at="2022-04-13T15:34:27 IST" name="demo.LoginApp_Test" finished-at="2022-04-13T15:34:31 IST" duration-ms="4496">
    <groups>
    </groups>
    <test started-at="2022-04-13T15:34:27 IST" name="Command line test" finished-at="2022-04-13T15:34:31 IST" duration-ms="4496">
      <class name="demo.LoginApp_Test">
        <test-method is-config="true" signature="beforeClass()[pri:0, instance:demo.LoginApp_Test@145f66e3]" started-at="2022-04-13T15:34:27 IST" name="beforeClass" finished-at="2022-04-13T15:34:29 IST" duration-ms="2352" status="PASS">
          <reporter-output>
          </reporter-output>
        </test-method> <!-- beforeClass -->
        <test-method signature="Login()[pri:0, instance:demo.LoginApp_Test@145f66e3]" started-at="2022-04-13T15:34:29 IST" name="Login" finished-at="2022-04-13T15:34:31 IST" duration-ms="2063" status="PASS">
          <reporter-output>
          </reporter-output>
        </test-method> <!-- Login -->
        <test-method is-config="true" signature="afterClass()[pri:0, instance:demo.LoginApp_Test@145f66e3]" started-at="2022-04-13T15:34:31 IST" name="afterClass" finished-at="2022-04-13T15:34:31 IST" duration-ms="64" status="PASS">
          <reporter-output>
          </reporter-output>
        </test-method> <!-- afterClass -->
      </class> <!-- demo.LoginApp_Test -->
    </test> <!-- Command line test -->
  </suite> <!-- demo.LoginApp_Test -->
</testng-results>
