<?xml version="1.0" encoding="UTF-8"?>
<testng-results ignored="0" total="1" passed="1" failed="0" skipped="0">
  <reporter-output>
  </reporter-output>
  <suite started-at="2022-04-13T15:23:06 IST" name="Default suite" finished-at="2022-04-13T15:23:12 IST" duration-ms="5890">
    <groups>
    </groups>
    <test started-at="2022-04-13T15:23:06 IST" name="Default test" finished-at="2022-04-13T15:23:12 IST" duration-ms="5890">
      <class name="demo.LoginApp_Test">
        <test-method is-config="true" signature="beforeClass()[pri:0, instance:demo.LoginApp_Test@f736069]" started-at="2022-04-13T15:23:06 IST" name="beforeClass" finished-at="2022-04-13T15:23:10 IST" duration-ms="3569" status="PASS">
          <reporter-output>
          </reporter-output>
        </test-method> <!-- beforeClass -->
        <test-method signature="Login()[pri:0, instance:demo.LoginApp_Test@f736069]" started-at="2022-04-13T15:23:10 IST" name="Login" finished-at="2022-04-13T15:23:12 IST" duration-ms="2240" status="PASS">
          <reporter-output>
          </reporter-output>
        </test-method> <!-- Login -->
        <test-method is-config="true" signature="afterClass()[pri:0, instance:demo.LoginApp_Test@f736069]" started-at="2022-04-13T15:23:12 IST" name="afterClass" finished-at="2022-04-13T15:23:12 IST" duration-ms="64" status="PASS">
          <reporter-output>
          </reporter-output>
        </test-method> <!-- afterClass -->
      </class> <!-- demo.LoginApp_Test -->
    </test> <!-- Default test -->
  </suite> <!-- Default suite -->
</testng-results>
